<?xml version="1.0" encoding="UTF-8"?>
<!-- Generated by org.testng.reporters.JUnitXMLReporter -->
<testsuite hostname="DESKTOP-9BO1O6A" name="Default test" tests="3" failures="0" timestamp="1 Jan 2021 13:53:54 GMT" time="0.064" errors="0">
  <testcase name="@BeforeTest preCondations" time="0.0" classname="com.flightBooking.scripts.TicketBookingTest">
    <failure type="org.testng.TestNGException" message="
Parameter &amp;apos;browser&amp;apos; is required by @Configuration on method preCondations but has not been marked @Optional or defined
in C:\Users\akhil\AppData\Local\Temp\testng-eclipse-1299842731\testng-customsuite.xml">
      <![CDATA[org.testng.TestNGException: 
Parameter 'browser' is required by @Configuration on method preCondations but has not been marked @Optional or defined
in C:\Users\akhil\AppData\Local\Temp\testng-eclipse-1299842731\testng-customsuite.xml
	at org.testng.internal.Parameters.createParameters(Parameters.java:154)
	at org.testng.internal.Parameters.createParameters(Parameters.java:361)
	at org.testng.internal.Parameters.createConfigurationParameters(Parameters.java:84)
	at org.testng.internal.Invoker.invokeConfigurations(Invoker.java:197)
	at org.testng.internal.Invoker.invokeConfigurations(Invoker.java:138)
	at org.testng.TestRunner.beforeRun(TestRunner.java:648)
	at org.testng.TestRunner.run(TestRunner.java:616)
	at org.testng.SuiteRunner.runTest(SuiteRunner.java:359)
	at org.testng.SuiteRunner.runSequentially(SuiteRunner.java:354)
	at org.testng.SuiteRunner.privateRun(SuiteRunner.java:312)
	at org.testng.SuiteRunner.run(SuiteRunner.java:261)
	at org.testng.SuiteRunnerWorker.runSuite(SuiteRunnerWorker.java:52)
	at org.testng.SuiteRunnerWorker.run(SuiteRunnerWorker.java:86)
	at org.testng.TestNG.runSuitesSequentially(TestNG.java:1191)
	at org.testng.TestNG.runSuitesLocally(TestNG.java:1116)
	at org.testng.TestNG.run(TestNG.java:1024)
	at org.testng.remote.AbstractRemoteTestNG.run(AbstractRemoteTestNG.java:132)
	at org.testng.remote.RemoteTestNG.initAndRun(RemoteTestNG.java:230)
	at org.testng.remote.RemoteTestNG.main(RemoteTestNG.java:76)
]]>
    </failure>
  </testcase> <!-- @BeforeTest preCondations -->
  <testcase name="@AfterTest postConations" time="0.0" classname="com.flightBooking.scripts.TicketBookingTest">
    <skipped/>
  </testcase> <!-- @AfterTest postConations -->
  <testcase name="roundTripTicketTest" time="0.009" classname="com.flightBooking.scripts.TicketBookingTest">
    <skipped/>
  </testcase> <!-- roundTripTicketTest -->
  <testcase name="selectAndBookFlight" time="0.0" classname="com.flightBooking.scripts.TicketBookingTest">
    <skipped/>
  </testcase> <!-- selectAndBookFlight -->
  <testcase name="ticketBookingVairification" time="0.0" classname="com.flightBooking.scripts.TicketBookingTest">
    <skipped/>
  </testcase> <!-- ticketBookingVairification -->
</testsuite> <!-- Default test -->
